<?xml version="1.0" encoding="UTF-8"?>
<!-- Generated by org.testng.reporters.JUnitReportReporter -->
<testsuite hostname="Spectra007" failures="0" tests="3" name="Test.ProjectTest" time="25.560" errors="0" timestamp="2023-12-27T21:57:12 IST" skipped="0">
  <testcase classname="Test.ProjectTest" name="verifyproject" time="9.838"/>
  <system-out/>
  <testcase classname="Test.ProjectTest" name="verifyeditproject" time="7.726"/>
  <system-out/>
  <testcase classname="Test.ProjectTest" name="verifydeleteproject" time="7.996"/>
  <system-out/>
</testsuite> <!-- Test.ProjectTest -->
