<?xml version="1.0" encoding="UTF-8"?>
<!-- Generated by org.testng.reporters.JUnitXMLReporter -->
<testsuite ignored="3" hostname="Spectra007" failures="0" tests="1" name="Default test" time="10.089" errors="0" timestamp="2023-12-29T21:43:05 IST">
  <testcase classname="Test.NoteTest" name="verifynote" time="4.359"/>
  <testcase classname="Test.NoteTest" name="verifydeleteNote" time="0.0">
    <ignored/>
  </testcase> <!-- verifydeleteNote -->
  <testcase classname="Test.NoteTest" name="SearchNote" time="0.0">
    <ignored/>
  </testcase> <!-- SearchNote -->
  <testcase classname="Test.NoteTest" name="verifyeditNote" time="0.0">
    <ignored/>
  </testcase> <!-- verifyeditNote -->
</testsuite> <!-- Default test -->
